<?xml version="1.0" encoding="UTF-8"?>
<testng-results skipped="0" failed="1" total="2" passed="1">
  <reporter-output>
  </reporter-output>
  <suite name="Default suite" duration-ms="6828" started-at="2017-11-23T02:09:44Z" finished-at="2017-11-23T02:09:51Z">
    <groups>
      <group name="name2">
        <method signature="selenium.test2(java.lang.String)[pri:0, instance:cn.itcast.selenium.selenium@26f67b76]" name="test2" class="cn.itcast.selenium.selenium"/>
      </group> <!-- name2 -->
      <group name="name1">
        <method signature="selenium.test1(java.lang.String)[pri:0, instance:cn.itcast.selenium.selenium@26f67b76]" name="test1" class="cn.itcast.selenium.selenium"/>
      </group> <!-- name1 -->
    </groups>
    <test name="Default test" duration-ms="6828" started-at="2017-11-23T02:09:44Z" finished-at="2017-11-23T02:09:51Z">
      <class name="cn.itcast.selenium.selenium">
        <test-method status="PASS" signature="test1(java.lang.String)[pri:0, instance:cn.itcast.selenium.selenium@26f67b76]" name="test1" duration-ms="6814" started-at="2017-11-23T10:09:44Z" finished-at="2017-11-23T10:09:51Z">
          <params>
            <param index="0">
              <value>
                <![CDATA[/tools/chromedriver.exe]]>
              </value>
            </param>
          </params>
          <reporter-output>
          </reporter-output>
        </test-method> <!-- test1 -->
        <test-method status="FAIL" signature="test2(java.lang.String)[pri:0, instance:cn.itcast.selenium.selenium@26f67b76]" name="test2" duration-ms="0" started-at="2017-11-23T10:09:51Z" finished-at="2017-11-23T10:09:51Z">
          <exception class="org.testng.TestNGException">
            <message>
              <![CDATA[
Method test2 requires 1 parameters but 0 were supplied in the @Test annotation.]]>
            </message>
            <full-stacktrace>
              <![CDATA[org.testng.TestNGException: 
Method test2 requires 1 parameters but 0 were supplied in the @Test annotation.
	at org.testng.internal.Parameters.checkParameterTypes(Parameters.java:198)
	at org.testng.internal.Parameters.createParameters(Parameters.java:134)
	at org.testng.internal.Parameters.createParameters(Parameters.java:373)
	at org.testng.internal.Parameters.handleParameters(Parameters.java:450)
	at org.testng.internal.Invoker.handleParameters(Invoker.java:1383)
	at org.testng.internal.Invoker.createParameters(Invoker.java:1075)
	at org.testng.internal.Invoker.invokeTestMethods(Invoker.java:1180)
	at org.testng.internal.TestMethodWorker.invokeTestMethods(TestMethodWorker.java:127)
	at org.testng.internal.TestMethodWorker.run(TestMethodWorker.java:111)
	at org.testng.TestRunner.privateRun(TestRunner.java:767)
	at org.testng.TestRunner.run(TestRunner.java:617)
	at org.testng.SuiteRunner.runTest(SuiteRunner.java:334)
	at org.testng.SuiteRunner.runSequentially(SuiteRunner.java:329)
	at org.testng.SuiteRunner.privateRun(SuiteRunner.java:291)
	at org.testng.SuiteRunner.run(SuiteRunner.java:240)
	at org.testng.SuiteRunnerWorker.runSuite(SuiteRunnerWorker.java:52)
	at org.testng.SuiteRunnerWorker.run(SuiteRunnerWorker.java:86)
	at org.testng.TestNG.runSuitesSequentially(TestNG.java:1224)
	at org.testng.TestNG.runSuitesLocally(TestNG.java:1149)
	at org.testng.TestNG.run(TestNG.java:1057)
	at org.testng.remote.AbstractRemoteTestNG.run(AbstractRemoteTestNG.java:132)
	at org.testng.remote.RemoteTestNG.initAndRun(RemoteTestNG.java:230)
	at org.testng.remote.RemoteTestNG.main(RemoteTestNG.java:76)
]]>
            </full-stacktrace>
          </exception> <!-- org.testng.TestNGException -->
          <reporter-output>
          </reporter-output>
        </test-method> <!-- test2 -->
      </class> <!-- cn.itcast.selenium.selenium -->
    </test> <!-- Default test -->
  </suite> <!-- Default suite -->
</testng-results>
